<?xml version="1.0" encoding="UTF-8"?>
<!-- Generated by org.testng.reporters.JUnitXMLReporter -->
<testsuite ignored="0" hostname="DESKTOP-2FG08GB" failures="0" tests="5" name="BrowserWindow" time="35.744" errors="0" timestamp="2024-06-13T16:23:05 IST">
  <testcase classname="tests.BrowseWindowTest" name="@BeforeTest launchurl" time="35.523">
    <failure type="org.openqa.selenium.ElementNotInteractableException" message="element not interactable
  (Session info: chrome=126.0.6478.56)
Build info: version: &amp;apos;3.141.59&amp;apos;, revision: &amp;apos;e82be7d358&amp;apos;, time: &amp;apos;2018-11-14T08:25:48&amp;apos;
System info: host: &amp;apos;DESKTOP-2FG08GB&amp;apos;, ip: &amp;apos;192.168.68.133&amp;apos;, os.name: &amp;apos;Windows 10&amp;apos;, os.arch: &amp;apos;amd64&amp;apos;, os.version: &amp;apos;10.0&amp;apos;, java.version: &amp;apos;21.0.1&amp;apos;
Driver info: org.openqa.selenium.chrome.ChromeDriver
Capabilities {acceptInsecureCerts: false, browserName: chrome, browserVersion: 126.0.6478.56, chrome: {chromedriverVersion: 125.0.6422.60 (3ac3319bff9f..., userDataDir: C:\Users\RAJESH~1\AppData\L...}, fedcm:accounts: true, goog:chromeOptions: {debuggerAddress: localhost:60624}, javascriptEnabled: true, networkConnectionEnabled: false, pageLoadStrategy: normal, platform: WINDOWS, platformName: WINDOWS, proxy: Proxy(), setWindowRect: true, strictFileInteractability: false, timeouts: {implicit: 0, pageLoad: 300000, script: 30000}, unhandledPromptBehavior: dismiss and notify, webauthn:extension:credBlob: true, webauthn:extension:largeBlob: true, webauthn:extension:minPinLength: true, webauthn:extension:prf: true, webauthn:virtualAuthenticators: true}
Session ID: bb0370a81c39947a4bf93670a4ef7eb0">
      <![CDATA[org.openqa.selenium.ElementNotInteractableException: element not interactable
  (Session info: chrome=126.0.6478.56)
Build info: version: '3.141.59', revision: 'e82be7d358', time: '2018-11-14T08:25:48'
System info: host: 'DESKTOP-2FG08GB', ip: '192.168.68.133', os.name: 'Windows 10', os.arch: 'amd64', os.version: '10.0', java.version: '21.0.1'
Driver info: org.openqa.selenium.chrome.ChromeDriver
Capabilities {acceptInsecureCerts: false, browserName: chrome, browserVersion: 126.0.6478.56, chrome: {chromedriverVersion: 125.0.6422.60 (3ac3319bff9f..., userDataDir: C:\Users\RAJESH~1\AppData\L...}, fedcm:accounts: true, goog:chromeOptions: {debuggerAddress: localhost:60624}, javascriptEnabled: true, networkConnectionEnabled: false, pageLoadStrategy: normal, platform: WINDOWS, platformName: WINDOWS, proxy: Proxy(), setWindowRect: true, strictFileInteractability: false, timeouts: {implicit: 0, pageLoad: 300000, script: 30000}, unhandledPromptBehavior: dismiss and notify, webauthn:extension:credBlob: true, webauthn:extension:largeBlob: true, webauthn:extension:minPinLength: true, webauthn:extension:prf: true, webauthn:virtualAuthenticators: true}
Session ID: bb0370a81c39947a4bf93670a4ef7eb0
at org.openqa.selenium.remote.http.W3CHttpResponseCodec.createException(W3CHttpResponseCodec.java:187)
at org.openqa.selenium.remote.http.W3CHttpResponseCodec.decode(W3CHttpResponseCodec.java:122)
at org.openqa.selenium.remote.http.W3CHttpResponseCodec.decode(W3CHttpResponseCodec.java:49)
at org.openqa.selenium.remote.HttpCommandExecutor.execute(HttpCommandExecutor.java:158)
at org.openqa.selenium.remote.service.DriverCommandExecutor.execute(DriverCommandExecutor.java:83)
at org.openqa.selenium.remote.RemoteWebDriver.execute(RemoteWebDriver.java:552)
at org.openqa.selenium.remote.RemoteWebElement.execute(RemoteWebElement.java:285)
at org.openqa.selenium.remote.RemoteWebElement.click(RemoteWebElement.java:84)
at baseLibrary.BaseLibrary.launchUrl(BaseLibrary.java:66)
at tests.BrowseWindowTest.launchurl(BrowseWindowTest.java:18)
... Removed 25 stack frames]]>
    </failure>
  </testcase> <!-- @BeforeTest launchurl -->
  <testcase classname="baseLibrary.BaseLibrary" name="@AfterMethod getResultanalysis" time="-1.71827598493E9">
    <skipped/>
  </testcase> <!-- @AfterMethod getResultanalysis -->
  <testcase classname="baseLibrary.BaseLibrary" name="@AfterMethod getResultanalysis" time="-1.718275984954E9">
    <skipped/>
  </testcase> <!-- @AfterMethod getResultanalysis -->
  <testcase classname="baseLibrary.BaseLibrary" name="@AfterMethod getResultanalysis" time="-1.718275984968E9">
    <skipped/>
  </testcase> <!-- @AfterMethod getResultanalysis -->
  <testcase classname="baseLibrary.BaseLibrary" name="@AfterMethod getResultanalysis" time="-1.718275984986E9">
    <skipped/>
  </testcase> <!-- @AfterMethod getResultanalysis -->
  <testcase classname="baseLibrary.BaseLibrary" name="@AfterMethod getResultanalysis" time="-1.718275985042E9">
    <skipped/>
  </testcase> <!-- @AfterMethod getResultanalysis -->
  <testcase classname="tests.BrowseWindowTest" name="Windows" time="0.0">
    <skipped/>
  </testcase> <!-- Windows -->
  <testcase classname="tests.BrowseWindowTest" name="WindowsBrowser" time="0.0">
    <skipped/>
  </testcase> <!-- WindowsBrowser -->
  <testcase classname="tests.BrowseWindowTest" name="newTabWindows" time="0.0">
    <skipped/>
  </testcase> <!-- newTabWindows -->
  <testcase classname="tests.BrowseWindowTest" name="NewWindowPage" time="0.0">
    <skipped/>
  </testcase> <!-- NewWindowPage -->
  <testcase classname="tests.BrowseWindowTest" name="windowMsg" time="0.0">
    <skipped/>
  </testcase> <!-- windowMsg -->
</testsuite> <!-- BrowserWindow -->
